
> @smooth-vue-markdown-editor/vuetify-plugins@1.0.0 build:lib
> ./build.types.sh && rollup --bundleConfigAsCjs --config build.lib.config.js && rm -rf ./lib/types

node_modules/@vue/runtime-core/dist/runtime-core.d.ts(2029,9): error TS2451: Cannot redeclare block-scoped variable 'defineProps'.
node_modules/@vue/runtime-core/dist/runtime-core.d.ts(2030,9): error TS2451: Cannot redeclare block-scoped variable 'defineEmits'.
node_modules/@vue/runtime-core/dist/runtime-core.d.ts(2031,9): error TS2451: Cannot redeclare block-scoped variable 'defineExpose'.
node_modules/@vue/runtime-core/dist/runtime-core.d.ts(2032,9): error TS2451: Cannot redeclare block-scoped variable 'withDefaults'.
node_modules/@vue/runtime-dom/dist/runtime-dom.d.ts(1517,15): error TS2320: Interface 'Element' cannot simultaneously extend types 'VNode<RendererNode, RendererElement, { [key: string]: any; }>' and 'VNode<RendererNode, RendererElement, { [key: string]: any; }>'.
  Named property 'appContext' of types 'VNode<RendererNode, RendererElement, { [key: string]: any; }>' and 'VNode<RendererNode, RendererElement, { [key: string]: any; }>' are not identical.
node_modules/@vue/runtime-dom/dist/runtime-dom.d.ts(1517,15): error TS2320: Interface 'Element' cannot simultaneously extend types 'VNode<RendererNode, RendererElement, { [key: string]: any; }>' and 'VNode<RendererNode, RendererElement, { [key: string]: any; }>'.
  Named property 'children' of types 'VNode<RendererNode, RendererElement, { [key: string]: any; }>' and 'VNode<RendererNode, RendererElement, { [key: string]: any; }>' are not identical.
node_modules/@vue/runtime-dom/dist/runtime-dom.d.ts(1517,15): error TS2320: Interface 'Element' cannot simultaneously extend types 'VNode<RendererNode, RendererElement, { [key: string]: any; }>' and 'VNode<RendererNode, RendererElement, { [key: string]: any; }>'.
  Named property 'component' of types 'VNode<RendererNode, RendererElement, { [key: string]: any; }>' and 'VNode<RendererNode, RendererElement, { [key: string]: any; }>' are not identical.
node_modules/@vue/runtime-dom/dist/runtime-dom.d.ts(1517,15): error TS2320: Interface 'Element' cannot simultaneously extend types 'VNode<RendererNode, RendererElement, { [key: string]: any; }>' and 'VNode<RendererNode, RendererElement, { [key: string]: any; }>'.
  Named property 'dirs' of types 'VNode<RendererNode, RendererElement, { [key: string]: any; }>' and 'VNode<RendererNode, RendererElement, { [key: string]: any; }>' are not identical.
node_modules/@vue/runtime-dom/dist/runtime-dom.d.ts(1517,15): error TS2320: Interface 'Element' cannot simultaneously extend types 'VNode<RendererNode, RendererElement, { [key: string]: any; }>' and 'VNode<RendererNode, RendererElement, { [key: string]: any; }>'.
  Named property 'props' of types 'VNode<RendererNode, RendererElement, { [key: string]: any; }>' and 'VNode<RendererNode, RendererElement, { [key: string]: any; }>' are not identical.
node_modules/@vue/runtime-dom/dist/runtime-dom.d.ts(1517,15): error TS2320: Interface 'Element' cannot simultaneously extend types 'VNode<RendererNode, RendererElement, { [key: string]: any; }>' and 'VNode<RendererNode, RendererElement, { [key: string]: any; }>'.
  Named property 'ref' of types 'VNode<RendererNode, RendererElement, { [key: string]: any; }>' and 'VNode<RendererNode, RendererElement, { [key: string]: any; }>' are not identical.
node_modules/@vue/runtime-dom/dist/runtime-dom.d.ts(1517,15): error TS2320: Interface 'Element' cannot simultaneously extend types 'VNode<RendererNode, RendererElement, { [key: string]: any; }>' and 'VNode<RendererNode, RendererElement, { [key: string]: any; }>'.
  Named property 'suspense' of types 'VNode<RendererNode, RendererElement, { [key: string]: any; }>' and 'VNode<RendererNode, RendererElement, { [key: string]: any; }>' are not identical.
node_modules/@vue/runtime-dom/dist/runtime-dom.d.ts(1517,15): error TS2320: Interface 'Element' cannot simultaneously extend types 'VNode<RendererNode, RendererElement, { [key: string]: any; }>' and 'VNode<RendererNode, RendererElement, { [key: string]: any; }>'.
  Named property 'transition' of types 'VNode<RendererNode, RendererElement, { [key: string]: any; }>' and 'VNode<RendererNode, RendererElement, { [key: string]: any; }>' are not identical.
node_modules/@vue/runtime-dom/dist/runtime-dom.d.ts(1517,15): error TS2320: Interface 'Element' cannot simultaneously extend types 'VNode<RendererNode, RendererElement, { [key: string]: any; }>' and 'VNode<RendererNode, RendererElement, { [key: string]: any; }>'.
  Named property 'type' of types 'VNode<RendererNode, RendererElement, { [key: string]: any; }>' and 'VNode<RendererNode, RendererElement, { [key: string]: any; }>' are not identical.
node_modules/@vue/runtime-dom/dist/runtime-dom.d.ts(1524,15): error TS2320: Interface 'IntrinsicElements' cannot simultaneously extend types 'NativeElements' and 'NativeElements'.
  Named property 'a' of types 'NativeElements' and 'NativeElements' are not identical.
node_modules/@vue/runtime-dom/dist/runtime-dom.d.ts(1524,15): error TS2320: Interface 'IntrinsicElements' cannot simultaneously extend types 'NativeElements' and 'NativeElements'.
  Named property 'abbr' of types 'NativeElements' and 'NativeElements' are not identical.
node_modules/@vue/runtime-dom/dist/runtime-dom.d.ts(1524,15): error TS2320: Interface 'IntrinsicElements' cannot simultaneously extend types 'NativeElements' and 'NativeElements'.
  Named property 'address' of types 'NativeElements' and 'NativeElements' are not identical.
node_modules/@vue/runtime-dom/dist/runtime-dom.d.ts(1524,15): error TS2320: Interface 'IntrinsicElements' cannot simultaneously extend types 'NativeElements' and 'NativeElements'.
  Named property 'animate' of types 'NativeElements' and 'NativeElements' are not identical.
node_modules/@vue/runtime-dom/dist/runtime-dom.d.ts(1524,15): error TS2320: Interface 'IntrinsicElements' cannot simultaneously extend types 'NativeElements' and 'NativeElements'.
  Named property 'animateMotion' of types 'NativeElements' and 'NativeElements' are not identical.
node_modules/@vue/runtime-dom/dist/runtime-dom.d.ts(1524,15): error TS2320: Interface 'IntrinsicElements' cannot simultaneously extend types 'NativeElements' and 'NativeElements'.
  Named property 'animateTransform' of types 'NativeElements' and 'NativeElements' are not identical.
node_modules/@vue/runtime-dom/dist/runtime-dom.d.ts(1524,15): error TS2320: Interface 'IntrinsicElements' cannot simultaneously extend types 'NativeElements' and 'NativeElements'.
  Named property 'area' of types 'NativeElements' and 'NativeElements' are not identical.
node_modules/@vue/runtime-dom/dist/runtime-dom.d.ts(1524,15): error TS2320: Interface 'IntrinsicElements' cannot simultaneously extend types 'NativeElements' and 'NativeElements'.
  Named property 'article' of types 'NativeElements' and 'NativeElements' are not identical.
node_modules/@vue/runtime-dom/dist/runtime-dom.d.ts(1524,15): error TS2320: Interface 'IntrinsicElements' cannot simultaneously extend types 'NativeElements' and 'NativeElements'.
  Named property 'aside' of types 'NativeElements' and 'NativeElements' are not identical.
node_modules/@vue/runtime-dom/dist/runtime-dom.d.ts(1524,15): error TS2320: Interface 'IntrinsicElements' cannot simultaneously extend types 'NativeElements' and 'NativeElements'.
  Named property 'audio' of types 'NativeElements' and 'NativeElements' are not identical.
node_modules/@vue/runtime-dom/dist/runtime-dom.d.ts(1524,15): error TS2320: Interface 'IntrinsicElements' cannot simultaneously extend types 'NativeElements' and 'NativeElements'.
  Named property 'b' of types 'NativeElements' and 'NativeElements' are not identical.
node_modules/@vue/runtime-dom/dist/runtime-dom.d.ts(1524,15): error TS2320: Interface 'IntrinsicElements' cannot simultaneously extend types 'NativeElements' and 'NativeElements'.
  Named property 'base' of types 'NativeElements' and 'NativeElements' are not identical.
node_modules/@vue/runtime-dom/dist/runtime-dom.d.ts(1524,15): error TS2320: Interface 'IntrinsicElements' cannot simultaneously extend types 'NativeElements' and 'NativeElements'.
  Named property 'bdi' of types 'NativeElements' and 'NativeElements' are not identical.
node_modules/@vue/runtime-dom/dist/runtime-dom.d.ts(1524,15): error TS2320: Interface 'IntrinsicElements' cannot simultaneously extend types 'NativeElements' and 'NativeElements'.
  Named property 'bdo' of types 'NativeElements' and 'NativeElements' are not identical.
node_modules/@vue/runtime-dom/dist/runtime-dom.d.ts(1524,15): error TS2320: Interface 'IntrinsicElements' cannot simultaneously extend types 'NativeElements' and 'NativeElements'.
  Named property 'blockquote' of types 'NativeElements' and 'NativeElements' are not identical.
node_modules/@vue/runtime-dom/dist/runtime-dom.d.ts(1524,15): error TS2320: Interface 'IntrinsicElements' cannot simultaneously extend types 'NativeElements' and 'NativeElements'.
  Named property 'body' of types 'NativeElements' and 'NativeElements' are not identical.
node_modules/@vue/runtime-dom/dist/runtime-dom.d.ts(1524,15): error TS2320: Interface 'IntrinsicElements' cannot simultaneously extend types 'NativeElements' and 'NativeElements'.
  Named property 'br' of types 'NativeElements' and 'NativeElements' are not identical.
node_modules/@vue/runtime-dom/dist/runtime-dom.d.ts(1524,15): error TS2320: Interface 'IntrinsicElements' cannot simultaneously extend types 'NativeElements' and 'NativeElements'.
  Named property 'button' of types 'NativeElements' and 'NativeElements' are not identical.
node_modules/@vue/runtime-dom/dist/runtime-dom.d.ts(1524,15): error TS2320: Interface 'IntrinsicElements' cannot simultaneously extend types 'NativeElements' and 'NativeElements'.
  Named property 'canvas' of types 'NativeElements' and 'NativeElements' are not identical.
node_modules/@vue/runtime-dom/dist/runtime-dom.d.ts(1524,15): error TS2320: Interface 'IntrinsicElements' cannot simultaneously extend types 'NativeElements' and 'NativeElements'.
  Named property 'caption' of types 'NativeElements' and 'NativeElements' are not identical.
node_modules/@vue/runtime-dom/dist/runtime-dom.d.ts(1524,15): error TS2320: Interface 'IntrinsicElements' cannot simultaneously extend types 'NativeElements' and 'NativeElements'.
  Named property 'circle' of types 'NativeElements' and 'NativeElements' are not identical.
node_modules/@vue/runtime-dom/dist/runtime-dom.d.ts(1524,15): error TS2320: Interface 'IntrinsicElements' cannot simultaneously extend types 'NativeElements' and 'NativeElements'.
  Named property 'cite' of types 'NativeElements' and 'NativeElements' are not identical.
node_modules/@vue/runtime-dom/dist/runtime-dom.d.ts(1524,15): error TS2320: Interface 'IntrinsicElements' cannot simultaneously extend types 'NativeElements' and 'NativeElements'.
  Named property 'clipPath' of types 'NativeElements' and 'NativeElements' are not identical.
node_modules/@vue/runtime-dom/dist/runtime-dom.d.ts(1524,15): error TS2320: Interface 'IntrinsicElements' cannot simultaneously extend types 'NativeElements' and 'NativeElements'.
  Named property 'code' of types 'NativeElements' and 'NativeElements' are not identical.
node_modules/@vue/runtime-dom/dist/runtime-dom.d.ts(1524,15): error TS2320: Interface 'IntrinsicElements' cannot simultaneously extend types 'NativeElements' and 'NativeElements'.
  Named property 'col' of types 'NativeElements' and 'NativeElements' are not identical.
node_modules/@vue/runtime-dom/dist/runtime-dom.d.ts(1524,15): error TS2320: Interface 'IntrinsicElements' cannot simultaneously extend types 'NativeElements' and 'NativeElements'.
  Named property 'colgroup' of types 'NativeElements' and 'NativeElements' are not identical.
node_modules/@vue/runtime-dom/dist/runtime-dom.d.ts(1524,15): error TS2320: Interface 'IntrinsicElements' cannot simultaneously extend types 'NativeElements' and 'NativeElements'.
  Named property 'data' of types 'NativeElements' and 'NativeElements' are not identical.
node_modules/@vue/runtime-dom/dist/runtime-dom.d.ts(1524,15): error TS2320: Interface 'IntrinsicElements' cannot simultaneously extend types 'NativeElements' and 'NativeElements'.
  Named property 'datalist' of types 'NativeElements' and 'NativeElements' are not identical.
node_modules/@vue/runtime-dom/dist/runtime-dom.d.ts(1524,15): error TS2320: Interface 'IntrinsicElements' cannot simultaneously extend types 'NativeElements' and 'NativeElements'.
  Named property 'dd' of types 'NativeElements' and 'NativeElements' are not identical.
node_modules/@vue/runtime-dom/dist/runtime-dom.d.ts(1524,15): error TS2320: Interface 'IntrinsicElements' cannot simultaneously extend types 'NativeElements' and 'NativeElements'.
  Named property 'defs' of types 'NativeElements' and 'NativeElements' are not identical.
node_modules/@vue/runtime-dom/dist/runtime-dom.d.ts(1524,15): error TS2320: Interface 'IntrinsicElements' cannot simultaneously extend types 'NativeElements' and 'NativeElements'.
  Named property 'del' of types 'NativeElements' and 'NativeElements' are not identical.
node_modules/@vue/runtime-dom/dist/runtime-dom.d.ts(1524,15): error TS2320: Interface 'IntrinsicElements' cannot simultaneously extend types 'NativeElements' and 'NativeElements'.
  Named property 'desc' of types 'NativeElements' and 'NativeElements' are not identical.
node_modules/@vue/runtime-dom/dist/runtime-dom.d.ts(1524,15): error TS2320: Interface 'IntrinsicElements' cannot simultaneously extend types 'NativeElements' and 'NativeElements'.
  Named property 'details' of types 'NativeElements' and 'NativeElements' are not identical.
node_modules/@vue/runtime-dom/dist/runtime-dom.d.ts(1524,15): error TS2320: Interface 'IntrinsicElements' cannot simultaneously extend types 'NativeElements' and 'NativeElements'.
  Named property 'dfn' of types 'NativeElements' and 'NativeElements' are not identical.
node_modules/@vue/runtime-dom/dist/runtime-dom.d.ts(1524,15): error TS2320: Interface 'IntrinsicElements' cannot simultaneously extend types 'NativeElements' and 'NativeElements'.
  Named property 'dialog' of types 'NativeElements' and 'NativeElements' are not identical.
node_modules/@vue/runtime-dom/dist/runtime-dom.d.ts(1524,15): error TS2320: Interface 'IntrinsicElements' cannot simultaneously extend types 'NativeElements' and 'NativeElements'.
  Named property 'div' of types 'NativeElements' and 'NativeElements' are not identical.
node_modules/@vue/runtime-dom/dist/runtime-dom.d.ts(1524,15): error TS2320: Interface 'IntrinsicElements' cannot simultaneously extend types 'NativeElements' and 'NativeElements'.
  Named property 'dl' of types 'NativeElements' and 'NativeElements' are not identical.
node_modules/@vue/runtime-dom/dist/runtime-dom.d.ts(1524,15): error TS2320: Interface 'IntrinsicElements' cannot simultaneously extend types 'NativeElements' and 'NativeElements'.
  Named property 'dt' of types 'NativeElements' and 'NativeElements' are not identical.
node_modules/@vue/runtime-dom/dist/runtime-dom.d.ts(1524,15): error TS2320: Interface 'IntrinsicElements' cannot simultaneously extend types 'NativeElements' and 'NativeElements'.
  Named property 'ellipse' of types 'NativeElements' and 'NativeElements' are not identical.
node_modules/@vue/runtime-dom/dist/runtime-dom.d.ts(1524,15): error TS2320: Interface 'IntrinsicElements' cannot simultaneously extend types 'NativeElements' and 'NativeElements'.
  Named property 'em' of types 'NativeElements' and 'NativeElements' are not identical.
node_modules/@vue/runtime-dom/dist/runtime-dom.d.ts(1524,15): error TS2320: Interface 'IntrinsicElements' cannot simultaneously extend types 'NativeElements' and 'NativeElements'.
  Named property 'embed' of types 'NativeElements' and 'NativeElements' are not identical.
node_modules/@vue/runtime-dom/dist/runtime-dom.d.ts(1524,15): error TS2320: Interface 'IntrinsicElements' cannot simultaneously extend types 'NativeElements' and 'NativeElements'.
  Named property 'feBlend' of types 'NativeElements' and 'NativeElements' are not identical.
node_modules/@vue/runtime-dom/dist/runtime-dom.d.ts(1524,15): error TS2320: Interface 'IntrinsicElements' cannot simultaneously extend types 'NativeElements' and 'NativeElements'.
  Named property 'feColorMatrix' of types 'NativeElements' and 'NativeElements' are not identical.
node_modules/@vue/runtime-dom/dist/runtime-dom.d.ts(1524,15): error TS2320: Interface 'IntrinsicElements' cannot simultaneously extend types 'NativeElements' and 'NativeElements'.
  Named property 'feComponentTransfer' of types 'NativeElements' and 'NativeElements' are not identical.
node_modules/@vue/runtime-dom/dist/runtime-dom.d.ts(1524,15): error TS2320: Interface 'IntrinsicElements' cannot simultaneously extend types 'NativeElements' and 'NativeElements'.
  Named property 'feComposite' of types 'NativeElements' and 'NativeElements' are not identical.
node_modules/@vue/runtime-dom/dist/runtime-dom.d.ts(1524,15): error TS2320: Interface 'IntrinsicElements' cannot simultaneously extend types 'NativeElements' and 'NativeElements'.
  Named property 'feConvolveMatrix' of types 'NativeElements' and 'NativeElements' are not identical.
node_modules/@vue/runtime-dom/dist/runtime-dom.d.ts(1524,15): error TS2320: Interface 'IntrinsicElements' cannot simultaneously extend types 'NativeElements' and 'NativeElements'.
  Named property 'feDiffuseLighting' of types 'NativeElements' and 'NativeElements' are not identical.
node_modules/@vue/runtime-dom/dist/runtime-dom.d.ts(1524,15): error TS2320: Interface 'IntrinsicElements' cannot simultaneously extend types 'NativeElements' and 'NativeElements'.
  Named property 'feDisplacementMap' of types 'NativeElements' and 'NativeElements' are not identical.
node_modules/@vue/runtime-dom/dist/runtime-dom.d.ts(1524,15): error TS2320: Interface 'IntrinsicElements' cannot simultaneously extend types 'NativeElements' and 'NativeElements'.
  Named property 'feDistantLight' of types 'NativeElements' and 'NativeElements' are not identical.
node_modules/@vue/runtime-dom/dist/runtime-dom.d.ts(1524,15): error TS2320: Interface 'IntrinsicElements' cannot simultaneously extend types 'NativeElements' and 'NativeElements'.
  Named property 'feDropShadow' of types 'NativeElements' and 'NativeElements' are not identical.
node_modules/@vue/runtime-dom/dist/runtime-dom.d.ts(1524,15): error TS2320: Interface 'IntrinsicElements' cannot simultaneously extend types 'NativeElements' and 'NativeElements'.
  Named property 'feFlood' of types 'NativeElements' and 'NativeElements' are not identical.
node_modules/@vue/runtime-dom/dist/runtime-dom.d.ts(1524,15): error TS2320: Interface 'IntrinsicElements' cannot simultaneously extend types 'NativeElements' and 'NativeElements'.
  Named property 'feFuncA' of types 'NativeElements' and 'NativeElements' are not identical.
node_modules/@vue/runtime-dom/dist/runtime-dom.d.ts(1524,15): error TS2320: Interface 'IntrinsicElements' cannot simultaneously extend types 'NativeElements' and 'NativeElements'.
  Named property 'feFuncB' of types 'NativeElements' and 'NativeElements' are not identical.
node_modules/@vue/runtime-dom/dist/runtime-dom.d.ts(1524,15): error TS2320: Interface 'IntrinsicElements' cannot simultaneously extend types 'NativeElements' and 'NativeElements'.
  Named property 'feFuncG' of types 'NativeElements' and 'NativeElements' are not identical.
node_modules/@vue/runtime-dom/dist/runtime-dom.d.ts(1524,15): error TS2320: Interface 'IntrinsicElements' cannot simultaneously extend types 'NativeElements' and 'NativeElements'.
  Named property 'feFuncR' of types 'NativeElements' and 'NativeElements' are not identical.
node_modules/@vue/runtime-dom/dist/runtime-dom.d.ts(1524,15): error TS2320: Interface 'IntrinsicElements' cannot simultaneously extend types 'NativeElements' and 'NativeElements'.
  Named property 'feGaussianBlur' of types 'NativeElements' and 'NativeElements' are not identical.
node_modules/@vue/runtime-dom/dist/runtime-dom.d.ts(1524,15): error TS2320: Interface 'IntrinsicElements' cannot simultaneously extend types 'NativeElements' and 'NativeElements'.
  Named property 'feImage' of types 'NativeElements' and 'NativeElements' are not identical.
node_modules/@vue/runtime-dom/dist/runtime-dom.d.ts(1524,15): error TS2320: Interface 'IntrinsicElements' cannot simultaneously extend types 'NativeElements' and 'NativeElements'.
  Named property 'feMerge' of types 'NativeElements' and 'NativeElements' are not identical.
node_modules/@vue/runtime-dom/dist/runtime-dom.d.ts(1524,15): error TS2320: Interface 'IntrinsicElements' cannot simultaneously extend types 'NativeElements' and 'NativeElements'.
  Named property 'feMergeNode' of types 'NativeElements' and 'NativeElements' are not identical.
node_modules/@vue/runtime-dom/dist/runtime-dom.d.ts(1524,15): error TS2320: Interface 'IntrinsicElements' cannot simultaneously extend types 'NativeElements' and 'NativeElements'.
  Named property 'feMorphology' of types 'NativeElements' and 'NativeElements' are not identical.
node_modules/@vue/runtime-dom/dist/runtime-dom.d.ts(1524,15): error TS2320: Interface 'IntrinsicElements' cannot simultaneously extend types 'NativeElements' and 'NativeElements'.
  Named property 'feOffset' of types 'NativeElements' and 'NativeElements' are not identical.
node_modules/@vue/runtime-dom/dist/runtime-dom.d.ts(1524,15): error TS2320: Interface 'IntrinsicElements' cannot simultaneously extend types 'NativeElements' and 'NativeElements'.
  Named property 'fePointLight' of types 'NativeElements' and 'NativeElements' are not identical.
node_modules/@vue/runtime-dom/dist/runtime-dom.d.ts(1524,15): error TS2320: Interface 'IntrinsicElements' cannot simultaneously extend types 'NativeElements' and 'NativeElements'.
  Named property 'feSpecularLighting' of types 'NativeElements' and 'NativeElements' are not identical.
node_modules/@vue/runtime-dom/dist/runtime-dom.d.ts(1524,15): error TS2320: Interface 'IntrinsicElements' cannot simultaneously extend types 'NativeElements' and 'NativeElements'.
  Named property 'feSpotLight' of types 'NativeElements' and 'NativeElements' are not identical.
node_modules/@vue/runtime-dom/dist/runtime-dom.d.ts(1524,15): error TS2320: Interface 'IntrinsicElements' cannot simultaneously extend types 'NativeElements' and 'NativeElements'.
  Named property 'feTile' of types 'NativeElements' and 'NativeElements' are not identical.
node_modules/@vue/runtime-dom/dist/runtime-dom.d.ts(1524,15): error TS2320: Interface 'IntrinsicElements' cannot simultaneously extend types 'NativeElements' and 'NativeElements'.
  Named property 'feTurbulence' of types 'NativeElements' and 'NativeElements' are not identical.
node_modules/@vue/runtime-dom/dist/runtime-dom.d.ts(1524,15): error TS2320: Interface 'IntrinsicElements' cannot simultaneously extend types 'NativeElements' and 'NativeElements'.
  Named property 'fieldset' of types 'NativeElements' and 'NativeElements' are not identical.
node_modules/@vue/runtime-dom/dist/runtime-dom.d.ts(1524,15): error TS2320: Interface 'IntrinsicElements' cannot simultaneously extend types 'NativeElements' and 'NativeElements'.
  Named property 'figcaption' of types 'NativeElements' and 'NativeElements' are not identical.
node_modules/@vue/runtime-dom/dist/runtime-dom.d.ts(1524,15): error TS2320: Interface 'IntrinsicElements' cannot simultaneously extend types 'NativeElements' and 'NativeElements'.
  Named property 'figure' of types 'NativeElements' and 'NativeElements' are not identical.
node_modules/@vue/runtime-dom/dist/runtime-dom.d.ts(1524,15): error TS2320: Interface 'IntrinsicElements' cannot simultaneously extend types 'NativeElements' and 'NativeElements'.
  Named property 'filter' of types 'NativeElements' and 'NativeElements' are not identical.
node_modules/@vue/runtime-dom/dist/runtime-dom.d.ts(1524,15): error TS2320: Interface 'IntrinsicElements' cannot simultaneously extend types 'NativeElements' and 'NativeElements'.
  Named property 'footer' of types 'NativeElements' and 'NativeElements' are not identical.
node_modules/@vue/runtime-dom/dist/runtime-dom.d.ts(1524,15): error TS2320: Interface 'IntrinsicElements' cannot simultaneously extend types 'NativeElements' and 'NativeElements'.
  Named property 'foreignObject' of types 'NativeElements' and 'NativeElements' are not identical.
node_modules/@vue/runtime-dom/dist/runtime-dom.d.ts(1524,15): error TS2320: Interface 'IntrinsicElements' cannot simultaneously extend types 'NativeElements' and 'NativeElements'.
  Named property 'form' of types 'NativeElements' and 'NativeElements' are not identical.
node_modules/@vue/runtime-dom/dist/runtime-dom.d.ts(1524,15): error TS2320: Interface 'IntrinsicElements' cannot simultaneously extend types 'NativeElements' and 'NativeElements'.
  Named property 'g' of types 'NativeElements' and 'NativeElements' are not identical.
node_modules/@vue/runtime-dom/dist/runtime-dom.d.ts(1524,15): error TS2320: Interface 'IntrinsicElements' cannot simultaneously extend types 'NativeElements' and 'NativeElements'.
  Named property 'h1' of types 'NativeElements' and 'NativeElements' are not identical.
node_modules/@vue/runtime-dom/dist/runtime-dom.d.ts(1524,15): error TS2320: Interface 'IntrinsicElements' cannot simultaneously extend types 'NativeElements' and 'NativeElements'.
  Named property 'h2' of types 'NativeElements' and 'NativeElements' are not identical.
node_modules/@vue/runtime-dom/dist/runtime-dom.d.ts(1524,15): error TS2320: Interface 'IntrinsicElements' cannot simultaneously extend types 'NativeElements' and 'NativeElements'.
  Named property 'h3' of types 'NativeElements' and 'NativeElements' are not identical.
node_modules/@vue/runtime-dom/dist/runtime-dom.d.ts(1524,15): error TS2320: Interface 'IntrinsicElements' cannot simultaneously extend types 'NativeElements' and 'NativeElements'.
  Named property 'h4' of types 'NativeElements' and 'NativeElements' are not identical.
node_modules/@vue/runtime-dom/dist/runtime-dom.d.ts(1524,15): error TS2320: Interface 'IntrinsicElements' cannot simultaneously extend types 'NativeElements' and 'NativeElements'.
  Named property 'h5' of types 'NativeElements' and 'NativeElements' are not identical.
node_modules/@vue/runtime-dom/dist/runtime-dom.d.ts(1524,15): error TS2320: Interface 'IntrinsicElements' cannot simultaneously extend types 'NativeElements' and 'NativeElements'.
  Named property 'h6' of types 'NativeElements' and 'NativeElements' are not identical.
node_modules/@vue/runtime-dom/dist/runtime-dom.d.ts(1524,15): error TS2320: Interface 'IntrinsicElements' cannot simultaneously extend types 'NativeElements' and 'NativeElements'.
  Named property 'head' of types 'NativeElements' and 'NativeElements' are not identical.
node_modules/@vue/runtime-dom/dist/runtime-dom.d.ts(1524,15): error TS2320: Interface 'IntrinsicElements' cannot simultaneously extend types 'NativeElements' and 'NativeElements'.
  Named property 'header' of types 'NativeElements' and 'NativeElements' are not identical.
node_modules/@vue/runtime-dom/dist/runtime-dom.d.ts(1524,15): error TS2320: Interface 'IntrinsicElements' cannot simultaneously extend types 'NativeElements' and 'NativeElements'.
  Named property 'hgroup' of types 'NativeElements' and 'NativeElements' are not identical.
node_modules/@vue/runtime-dom/dist/runtime-dom.d.ts(1524,15): error TS2320: Interface 'IntrinsicElements' cannot simultaneously extend types 'NativeElements' and 'NativeElements'.
  Named property 'hr' of types 'NativeElements' and 'NativeElements' are not identical.
node_modules/@vue/runtime-dom/dist/runtime-dom.d.ts(1524,15): error TS2320: Interface 'IntrinsicElements' cannot simultaneously extend types 'NativeElements' and 'NativeElements'.
  Named property 'html' of types 'NativeElements' and 'NativeElements' are not identical.
node_modules/@vue/runtime-dom/dist/runtime-dom.d.ts(1524,15): error TS2320: Interface 'IntrinsicElements' cannot simultaneously extend types 'NativeElements' and 'NativeElements'.
  Named property 'i' of types 'NativeElements' and 'NativeElements' are not identical.
node_modules/@vue/runtime-dom/dist/runtime-dom.d.ts(1524,15): error TS2320: Interface 'IntrinsicElements' cannot simultaneously extend types 'NativeElements' and 'NativeElements'.
  Named property 'iframe' of types 'NativeElements' and 'NativeElements' are not identical.
node_modules/@vue/runtime-dom/dist/runtime-dom.d.ts(1524,15): error TS2320: Interface 'IntrinsicElements' cannot simultaneously extend types 'NativeElements' and 'NativeElements'.
  Named property 'image' of types 'NativeElements' and 'NativeElements' are not identical.
node_modules/@vue/runtime-dom/dist/runtime-dom.d.ts(1524,15): error TS2320: Interface 'IntrinsicElements' cannot simultaneously extend types 'NativeElements' and 'NativeElements'.
  Named property 'img' of types 'NativeElements' and 'NativeElements' are not identical.
node_modules/@vue/runtime-dom/dist/runtime-dom.d.ts(1524,15): error TS2320: Interface 'IntrinsicElements' cannot simultaneously extend types 'NativeElements' and 'NativeElements'.
  Named property 'input' of types 'NativeElements' and 'NativeElements' are not identical.
node_modules/@vue/runtime-dom/dist/runtime-dom.d.ts(1524,15): error TS2320: Interface 'IntrinsicElements' cannot simultaneously extend types 'NativeElements' and 'NativeElements'.
  Named property 'ins' of types 'NativeElements' and 'NativeElements' are not identical.
node_modules/@vue/runtime-dom/dist/runtime-dom.d.ts(1524,15): error TS2320: Interface 'IntrinsicElements' cannot simultaneously extend types 'NativeElements' and 'NativeElements'.
  Named property 'kbd' of types 'NativeElements' and 'NativeElements' are not identical.
node_modules/@vue/runtime-dom/dist/runtime-dom.d.ts(1524,15): error TS2320: Interface 'IntrinsicElements' cannot simultaneously extend types 'NativeElements' and 'NativeElements'.
  Named property 'keygen' of types 'NativeElements' and 'NativeElements' are not identical.
node_modules/@vue/runtime-dom/dist/runtime-dom.d.ts(1524,15): error TS2320: Interface 'IntrinsicElements' cannot simultaneously extend types 'NativeElements' and 'NativeElements'.
  Named property 'label' of types 'NativeElements' and 'NativeElements' are not identical.
node_modules/@vue/runtime-dom/dist/runtime-dom.d.ts(1524,15): error TS2320: Interface 'IntrinsicElements' cannot simultaneously extend types 'NativeElements' and 'NativeElements'.
  Named property 'legend' of types 'NativeElements' and 'NativeElements' are not identical.
node_modules/@vue/runtime-dom/dist/runtime-dom.d.ts(1524,15): error TS2320: Interface 'IntrinsicElements' cannot simultaneously extend types 'NativeElements' and 'NativeElements'.
  Named property 'li' of types 'NativeElements' and 'NativeElements' are not identical.
node_modules/@vue/runtime-dom/dist/runtime-dom.d.ts(1524,15): error TS2320: Interface 'IntrinsicElements' cannot simultaneously extend types 'NativeElements' and 'NativeElements'.
  Named property 'line' of types 'NativeElements' and 'NativeElements' are not identical.
node_modules/@vue/runtime-dom/dist/runtime-dom.d.ts(1524,15): error TS2320: Interface 'IntrinsicElements' cannot simultaneously extend types 'NativeElements' and 'NativeElements'.
  Named property 'linearGradient' of types 'NativeElements' and 'NativeElements' are not identical.
node_modules/@vue/runtime-dom/dist/runtime-dom.d.ts(1524,15): error TS2320: Interface 'IntrinsicElements' cannot simultaneously extend types 'NativeElements' and 'NativeElements'.
  Named property 'link' of types 'NativeElements' and 'NativeElements' are not identical.
node_modules/@vue/runtime-dom/dist/runtime-dom.d.ts(1524,15): error TS2320: Interface 'IntrinsicElements' cannot simultaneously extend types 'NativeElements' and 'NativeElements'.
  Named property 'main' of types 'NativeElements' and 'NativeElements' are not identical.
node_modules/@vue/runtime-dom/dist/runtime-dom.d.ts(1524,15): error TS2320: Interface 'IntrinsicElements' cannot simultaneously extend types 'NativeElements' and 'NativeElements'.
  Named property 'map' of types 'NativeElements' and 'NativeElements' are not identical.
node_modules/@vue/runtime-dom/dist/runtime-dom.d.ts(1524,15): error TS2320: Interface 'IntrinsicElements' cannot simultaneously extend types 'NativeElements' and 'NativeElements'.
  Named property 'mark' of types 'NativeElements' and 'NativeElements' are not identical.
node_modules/@vue/runtime-dom/dist/runtime-dom.d.ts(1524,15): error TS2320: Interface 'IntrinsicElements' cannot simultaneously extend types 'NativeElements' and 'NativeElements'.
  Named property 'marker' of types 'NativeElements' and 'NativeElements' are not identical.
node_modules/@vue/runtime-dom/dist/runtime-dom.d.ts(1524,15): error TS2320: Interface 'IntrinsicElements' cannot simultaneously extend types 'NativeElements' and 'NativeElements'.
  Named property 'mask' of types 'NativeElements' and 'NativeElements' are not identical.
node_modules/@vue/runtime-dom/dist/runtime-dom.d.ts(1524,15): error TS2320: Interface 'IntrinsicElements' cannot simultaneously extend types 'NativeElements' and 'NativeElements'.
  Named property 'menu' of types 'NativeElements' and 'NativeElements' are not identical.
node_modules/@vue/runtime-dom/dist/runtime-dom.d.ts(1524,15): error TS2320: Interface 'IntrinsicElements' cannot simultaneously extend types 'NativeElements' and 'NativeElements'.
  Named property 'meta' of types 'NativeElements' and 'NativeElements' are not identical.
node_modules/@vue/runtime-dom/dist/runtime-dom.d.ts(1524,15): error TS2320: Interface 'IntrinsicElements' cannot simultaneously extend types 'NativeElements' and 'NativeElements'.
  Named property 'metadata' of types 'NativeElements' and 'NativeElements' are not identical.
node_modules/@vue/runtime-dom/dist/runtime-dom.d.ts(1524,15): error TS2320: Interface 'IntrinsicElements' cannot simultaneously extend types 'NativeElements' and 'NativeElements'.
  Named property 'meter' of types 'NativeElements' and 'NativeElements' are not identical.
node_modules/@vue/runtime-dom/dist/runtime-dom.d.ts(1524,15): error TS2320: Interface 'IntrinsicElements' cannot simultaneously extend types 'NativeElements' and 'NativeElements'.
  Named property 'mpath' of types 'NativeElements' and 'NativeElements' are not identical.
node_modules/@vue/runtime-dom/dist/runtime-dom.d.ts(1524,15): error TS2320: Interface 'IntrinsicElements' cannot simultaneously extend types 'NativeElements' and 'NativeElements'.
  Named property 'nav' of types 'NativeElements' and 'NativeElements' are not identical.
node_modules/@vue/runtime-dom/dist/runtime-dom.d.ts(1524,15): error TS2320: Interface 'IntrinsicElements' cannot simultaneously extend types 'NativeElements' and 'NativeElements'.
  Named property 'noindex' of types 'NativeElements' and 'NativeElements' are not identical.
node_modules/@vue/runtime-dom/dist/runtime-dom.d.ts(1524,15): error TS2320: Interface 'IntrinsicElements' cannot simultaneously extend types 'NativeElements' and 'NativeElements'.
  Named property 'noscript' of types 'NativeElements' and 'NativeElements' are not identical.
node_modules/@vue/runtime-dom/dist/runtime-dom.d.ts(1524,15): error TS2320: Interface 'IntrinsicElements' cannot simultaneously extend types 'NativeElements' and 'NativeElements'.
  Named property 'object' of types 'NativeElements' and 'NativeElements' are not identical.
node_modules/@vue/runtime-dom/dist/runtime-dom.d.ts(1524,15): error TS2320: Interface 'IntrinsicElements' cannot simultaneously extend types 'NativeElements' and 'NativeElements'.
  Named property 'ol' of types 'NativeElements' and 'NativeElements' are not identical.
node_modules/@vue/runtime-dom/dist/runtime-dom.d.ts(1524,15): error TS2320: Interface 'IntrinsicElements' cannot simultaneously extend types 'NativeElements' and 'NativeElements'.
  Named property 'optgroup' of types 'NativeElements' and 'NativeElements' are not identical.
node_modules/@vue/runtime-dom/dist/runtime-dom.d.ts(1524,15): error TS2320: Interface 'IntrinsicElements' cannot simultaneously extend types 'NativeElements' and 'NativeElements'.
  Named property 'option' of types 'NativeElements' and 'NativeElements' are not identical.
node_modules/@vue/runtime-dom/dist/runtime-dom.d.ts(1524,15): error TS2320: Interface 'IntrinsicElements' cannot simultaneously extend types 'NativeElements' and 'NativeElements'.
  Named property 'output' of types 'NativeElements' and 'NativeElements' are not identical.
node_modules/@vue/runtime-dom/dist/runtime-dom.d.ts(1524,15): error TS2320: Interface 'IntrinsicElements' cannot simultaneously extend types 'NativeElements' and 'NativeElements'.
  Named property 'p' of types 'NativeElements' and 'NativeElements' are not identical.
node_modules/@vue/runtime-dom/dist/runtime-dom.d.ts(1524,15): error TS2320: Interface 'IntrinsicElements' cannot simultaneously extend types 'NativeElements' and 'NativeElements'.
  Named property 'param' of types 'NativeElements' and 'NativeElements' are not identical.
node_modules/@vue/runtime-dom/dist/runtime-dom.d.ts(1524,15): error TS2320: Interface 'IntrinsicElements' cannot simultaneously extend types 'NativeElements' and 'NativeElements'.
  Named property 'path' of types 'NativeElements' and 'NativeElements' are not identical.
node_modules/@vue/runtime-dom/dist/runtime-dom.d.ts(1524,15): error TS2320: Interface 'IntrinsicElements' cannot simultaneously extend types 'NativeElements' and 'NativeElements'.
  Named property 'pattern' of types 'NativeElements' and 'NativeElements' are not identical.
node_modules/@vue/runtime-dom/dist/runtime-dom.d.ts(1524,15): error TS2320: Interface 'IntrinsicElements' cannot simultaneously extend types 'NativeElements' and 'NativeElements'.
  Named property 'picture' of types 'NativeElements' and 'NativeElements' are not identical.
node_modules/@vue/runtime-dom/dist/runtime-dom.d.ts(1524,15): error TS2320: Interface 'IntrinsicElements' cannot simultaneously extend types 'NativeElements' and 'NativeElements'.
  Named property 'polygon' of types 'NativeElements' and 'NativeElements' are not identical.
node_modules/@vue/runtime-dom/dist/runtime-dom.d.ts(1524,15): error TS2320: Interface 'IntrinsicElements' cannot simultaneously extend types 'NativeElements' and 'NativeElements'.
  Named property 'polyline' of types 'NativeElements' and 'NativeElements' are not identical.
node_modules/@vue/runtime-dom/dist/runtime-dom.d.ts(1524,15): error TS2320: Interface 'IntrinsicElements' cannot simultaneously extend types 'NativeElements' and 'NativeElements'.
  Named property 'pre' of types 'NativeElements' and 'NativeElements' are not identical.
node_modules/@vue/runtime-dom/dist/runtime-dom.d.ts(1524,15): error TS2320: Interface 'IntrinsicElements' cannot simultaneously extend types 'NativeElements' and 'NativeElements'.
  Named property 'progress' of types 'NativeElements' and 'NativeElements' are not identical.
node_modules/@vue/runtime-dom/dist/runtime-dom.d.ts(1524,15): error TS2320: Interface 'IntrinsicElements' cannot simultaneously extend types 'NativeElements' and 'NativeElements'.
  Named property 'q' of types 'NativeElements' and 'NativeElements' are not identical.
node_modules/@vue/runtime-dom/dist/runtime-dom.d.ts(1524,15): error TS2320: Interface 'IntrinsicElements' cannot simultaneously extend types 'NativeElements' and 'NativeElements'.
  Named property 'radialGradient' of types 'NativeElements' and 'NativeElements' are not identical.
node_modules/@vue/runtime-dom/dist/runtime-dom.d.ts(1524,15): error TS2320: Interface 'IntrinsicElements' cannot simultaneously extend types 'NativeElements' and 'NativeElements'.
  Named property 'rect' of types 'NativeElements' and 'NativeElements' are not identical.
node_modules/@vue/runtime-dom/dist/runtime-dom.d.ts(1524,15): error TS2320: Interface 'IntrinsicElements' cannot simultaneously extend types 'NativeElements' and 'NativeElements'.
  Named property 'rp' of types 'NativeElements' and 'NativeElements' are not identical.
node_modules/@vue/runtime-dom/dist/runtime-dom.d.ts(1524,15): error TS2320: Interface 'IntrinsicElements' cannot simultaneously extend types 'NativeElements' and 'NativeElements'.
  Named property 'rt' of types 'NativeElements' and 'NativeElements' are not identical.
node_modules/@vue/runtime-dom/dist/runtime-dom.d.ts(1524,15): error TS2320: Interface 'IntrinsicElements' cannot simultaneously extend types 'NativeElements' and 'NativeElements'.
  Named property 'ruby' of types 'NativeElements' and 'NativeElements' are not identical.
node_modules/@vue/runtime-dom/dist/runtime-dom.d.ts(1524,15): error TS2320: Interface 'IntrinsicElements' cannot simultaneously extend types 'NativeElements' and 'NativeElements'.
  Named property 's' of types 'NativeElements' and 'NativeElements' are not identical.
node_modules/@vue/runtime-dom/dist/runtime-dom.d.ts(1524,15): error TS2320: Interface 'IntrinsicElements' cannot simultaneously extend types 'NativeElements' and 'NativeElements'.
  Named property 'samp' of types 'NativeElements' and 'NativeElements' are not identical.
node_modules/@vue/runtime-dom/dist/runtime-dom.d.ts(1524,15): error TS2320: Interface 'IntrinsicElements' cannot simultaneously extend types 'NativeElements' and 'NativeElements'.
  Named property 'script' of types 'NativeElements' and 'NativeElements' are not identical.
node_modules/@vue/runtime-dom/dist/runtime-dom.d.ts(1524,15): error TS2320: Interface 'IntrinsicElements' cannot simultaneously extend types 'NativeElements' and 'NativeElements'.
  Named property 'section' of types 'NativeElements' and 'NativeElements' are not identical.
node_modules/@vue/runtime-dom/dist/runtime-dom.d.ts(1524,15): error TS2320: Interface 'IntrinsicElements' cannot simultaneously extend types 'NativeElements' and 'NativeElements'.
  Named property 'select' of types 'NativeElements' and 'NativeElements' are not identical.
node_modules/@vue/runtime-dom/dist/runtime-dom.d.ts(1524,15): error TS2320: Interface 'IntrinsicElements' cannot simultaneously extend types 'NativeElements' and 'NativeElements'.
  Named property 'small' of types 'NativeElements' and 'NativeElements' are not identical.
node_modules/@vue/runtime-dom/dist/runtime-dom.d.ts(1524,15): error TS2320: Interface 'IntrinsicElements' cannot simultaneously extend types 'NativeElements' and 'NativeElements'.
  Named property 'source' of types 'NativeElements' and 'NativeElements' are not identical.
node_modules/@vue/runtime-dom/dist/runtime-dom.d.ts(1524,15): error TS2320: Interface 'IntrinsicElements' cannot simultaneously extend types 'NativeElements' and 'NativeElements'.
  Named property 'span' of types 'NativeElements' and 'NativeElements' are not identical.
node_modules/@vue/runtime-dom/dist/runtime-dom.d.ts(1524,15): error TS2320: Interface 'IntrinsicElements' cannot simultaneously extend types 'NativeElements' and 'NativeElements'.
  Named property 'stop' of types 'NativeElements' and 'NativeElements' are not identical.
node_modules/@vue/runtime-dom/dist/runtime-dom.d.ts(1524,15): error TS2320: Interface 'IntrinsicElements' cannot simultaneously extend types 'NativeElements' and 'NativeElements'.
  Named property 'strong' of types 'NativeElements' and 'NativeElements' are not identical.
node_modules/@vue/runtime-dom/dist/runtime-dom.d.ts(1524,15): error TS2320: Interface 'IntrinsicElements' cannot simultaneously extend types 'NativeElements' and 'NativeElements'.
  Named property 'style' of types 'NativeElements' and 'NativeElements' are not identical.
node_modules/@vue/runtime-dom/dist/runtime-dom.d.ts(1524,15): error TS2320: Interface 'IntrinsicElements' cannot simultaneously extend types 'NativeElements' and 'NativeElements'.
  Named property 'sub' of types 'NativeElements' and 'NativeElements' are not identical.
node_modules/@vue/runtime-dom/dist/runtime-dom.d.ts(1524,15): error TS2320: Interface 'IntrinsicElements' cannot simultaneously extend types 'NativeElements' and 'NativeElements'.
  Named property 'summary' of types 'NativeElements' and 'NativeElements' are not identical.
node_modules/@vue/runtime-dom/dist/runtime-dom.d.ts(1524,15): error TS2320: Interface 'IntrinsicElements' cannot simultaneously extend types 'NativeElements' and 'NativeElements'.
  Named property 'sup' of types 'NativeElements' and 'NativeElements' are not identical.
node_modules/@vue/runtime-dom/dist/runtime-dom.d.ts(1524,15): error TS2320: Interface 'IntrinsicElements' cannot simultaneously extend types 'NativeElements' and 'NativeElements'.
  Named property 'svg' of types 'NativeElements' and 'NativeElements' are not identical.
node_modules/@vue/runtime-dom/dist/runtime-dom.d.ts(1524,15): error TS2320: Interface 'IntrinsicElements' cannot simultaneously extend types 'NativeElements' and 'NativeElements'.
  Named property 'switch' of types 'NativeElements' and 'NativeElements' are not identical.
node_modules/@vue/runtime-dom/dist/runtime-dom.d.ts(1524,15): error TS2320: Interface 'IntrinsicElements' cannot simultaneously extend types 'NativeElements' and 'NativeElements'.
  Named property 'symbol' of types 'NativeElements' and 'NativeElements' are not identical.
node_modules/@vue/runtime-dom/dist/runtime-dom.d.ts(1524,15): error TS2320: Interface 'IntrinsicElements' cannot simultaneously extend types 'NativeElements' and 'NativeElements'.
  Named property 'table' of types 'NativeElements' and 'NativeElements' are not identical.
node_modules/@vue/runtime-dom/dist/runtime-dom.d.ts(1524,15): error TS2320: Interface 'IntrinsicElements' cannot simultaneously extend types 'NativeElements' and 'NativeElements'.
  Named property 'tbody' of types 'NativeElements' and 'NativeElements' are not identical.
node_modules/@vue/runtime-dom/dist/runtime-dom.d.ts(1524,15): error TS2320: Interface 'IntrinsicElements' cannot simultaneously extend types 'NativeElements' and 'NativeElements'.
  Named property 'td' of types 'NativeElements' and 'NativeElements' are not identical.
node_modules/@vue/runtime-dom/dist/runtime-dom.d.ts(1524,15): error TS2320: Interface 'IntrinsicElements' cannot simultaneously extend types 'NativeElements' and 'NativeElements'.
  Named property 'template' of types 'NativeElements' and 'NativeElements' are not identical.
node_modules/@vue/runtime-dom/dist/runtime-dom.d.ts(1524,15): error TS2320: Interface 'IntrinsicElements' cannot simultaneously extend types 'NativeElements' and 'NativeElements'.
  Named property 'text' of types 'NativeElements' and 'NativeElements' are not identical.
node_modules/@vue/runtime-dom/dist/runtime-dom.d.ts(1524,15): error TS2320: Interface 'IntrinsicElements' cannot simultaneously extend types 'NativeElements' and 'NativeElements'.
  Named property 'textPath' of types 'NativeElements' and 'NativeElements' are not identical.
node_modules/@vue/runtime-dom/dist/runtime-dom.d.ts(1524,15): error TS2320: Interface 'IntrinsicElements' cannot simultaneously extend types 'NativeElements' and 'NativeElements'.
  Named property 'textarea' of types 'NativeElements' and 'NativeElements' are not identical.
node_modules/@vue/runtime-dom/dist/runtime-dom.d.ts(1524,15): error TS2320: Interface 'IntrinsicElements' cannot simultaneously extend types 'NativeElements' and 'NativeElements'.
  Named property 'tfoot' of types 'NativeElements' and 'NativeElements' are not identical.
node_modules/@vue/runtime-dom/dist/runtime-dom.d.ts(1524,15): error TS2320: Interface 'IntrinsicElements' cannot simultaneously extend types 'NativeElements' and 'NativeElements'.
  Named property 'th' of types 'NativeElements' and 'NativeElements' are not identical.
node_modules/@vue/runtime-dom/dist/runtime-dom.d.ts(1524,15): error TS2320: Interface 'IntrinsicElements' cannot simultaneously extend types 'NativeElements' and 'NativeElements'.
  Named property 'thead' of types 'NativeElements' and 'NativeElements' are not identical.
node_modules/@vue/runtime-dom/dist/runtime-dom.d.ts(1524,15): error TS2320: Interface 'IntrinsicElements' cannot simultaneously extend types 'NativeElements' and 'NativeElements'.
  Named property 'time' of types 'NativeElements' and 'NativeElements' are not identical.
node_modules/@vue/runtime-dom/dist/runtime-dom.d.ts(1524,15): error TS2320: Interface 'IntrinsicElements' cannot simultaneously extend types 'NativeElements' and 'NativeElements'.
  Named property 'title' of types 'NativeElements' and 'NativeElements' are not identical.
node_modules/@vue/runtime-dom/dist/runtime-dom.d.ts(1524,15): error TS2320: Interface 'IntrinsicElements' cannot simultaneously extend types 'NativeElements' and 'NativeElements'.
  Named property 'tr' of types 'NativeElements' and 'NativeElements' are not identical.
node_modules/@vue/runtime-dom/dist/runtime-dom.d.ts(1524,15): error TS2320: Interface 'IntrinsicElements' cannot simultaneously extend types 'NativeElements' and 'NativeElements'.
  Named property 'track' of types 'NativeElements' and 'NativeElements' are not identical.
node_modules/@vue/runtime-dom/dist/runtime-dom.d.ts(1524,15): error TS2320: Interface 'IntrinsicElements' cannot simultaneously extend types 'NativeElements' and 'NativeElements'.
  Named property 'tspan' of types 'NativeElements' and 'NativeElements' are not identical.
node_modules/@vue/runtime-dom/dist/runtime-dom.d.ts(1524,15): error TS2320: Interface 'IntrinsicElements' cannot simultaneously extend types 'NativeElements' and 'NativeElements'.
  Named property 'u' of types 'NativeElements' and 'NativeElements' are not identical.
node_modules/@vue/runtime-dom/dist/runtime-dom.d.ts(1524,15): error TS2320: Interface 'IntrinsicElements' cannot simultaneously extend types 'NativeElements' and 'NativeElements'.
  Named property 'ul' of types 'NativeElements' and 'NativeElements' are not identical.
node_modules/@vue/runtime-dom/dist/runtime-dom.d.ts(1524,15): error TS2320: Interface 'IntrinsicElements' cannot simultaneously extend types 'NativeElements' and 'NativeElements'.
  Named property 'use' of types 'NativeElements' and 'NativeElements' are not identical.
node_modules/@vue/runtime-dom/dist/runtime-dom.d.ts(1524,15): error TS2320: Interface 'IntrinsicElements' cannot simultaneously extend types 'NativeElements' and 'NativeElements'.
  Named property 'var' of types 'NativeElements' and 'NativeElements' are not identical.
node_modules/@vue/runtime-dom/dist/runtime-dom.d.ts(1524,15): error TS2320: Interface 'IntrinsicElements' cannot simultaneously extend types 'NativeElements' and 'NativeElements'.
  Named property 'video' of types 'NativeElements' and 'NativeElements' are not identical.
node_modules/@vue/runtime-dom/dist/runtime-dom.d.ts(1524,15): error TS2320: Interface 'IntrinsicElements' cannot simultaneously extend types 'NativeElements' and 'NativeElements'.
  Named property 'view' of types 'NativeElements' and 'NativeElements' are not identical.
node_modules/@vue/runtime-dom/dist/runtime-dom.d.ts(1524,15): error TS2320: Interface 'IntrinsicElements' cannot simultaneously extend types 'NativeElements' and 'NativeElements'.
  Named property 'wbr' of types 'NativeElements' and 'NativeElements' are not identical.
node_modules/@vue/runtime-dom/dist/runtime-dom.d.ts(1524,15): error TS2320: Interface 'IntrinsicElements' cannot simultaneously extend types 'NativeElements' and 'NativeElements'.
  Named property 'webview' of types 'NativeElements' and 'NativeElements' are not identical.
node_modules/@vue/runtime-dom/dist/runtime-dom.d.ts(1529,15): error TS2320: Interface 'IntrinsicAttributes' cannot simultaneously extend types 'ReservedProps' and 'ReservedProps'.
  Named property 'ref' of types 'ReservedProps' and 'ReservedProps' are not identical.
src/plugins/ToolbarImageBtnPlugin/index.ts(15,9): error TS2322: Type '() => import("/home/yinquan/workspace/smooth-vue-markdown-editor/packages/vuetify-plugins/node_modules/@vue/runtime-core/dist/runtime-core").VNode<import("/home/yinquan/workspace/smooth-vue-markdown-editor/packages/vuetify-plugins/node_modules/@vue/runtime-core/dist/runtime-core").RendererNode, import("/home/yinquan...' is not assignable to type '() => import("/home/yinquan/workspace/smooth-vue-markdown-editor/packages/vuetify/node_modules/@vue/runtime-core/dist/runtime-core").VNode<import("/home/yinquan/workspace/smooth-vue-markdown-editor/packages/vuetify/node_modules/@vue/runtime-core/dist/runtime-core").RendererNode, import("/home/yinquan/workspace/smoot...'.
  Call signature return types 'VNode<RendererNode, RendererElement, { [key: string]: any; }>' and 'VNode<RendererNode, RendererElement, { [key: string]: any; }>' are incompatible.
    The types of 'type' are incompatible between these types.
      Type 'import("/home/yinquan/workspace/smooth-vue-markdown-editor/packages/vuetify-plugins/node_modules/@vue/runtime-core/dist/runtime-core").VNodeTypes' is not assignable to type 'import("/home/yinquan/workspace/smooth-vue-markdown-editor/packages/vuetify/node_modules/@vue/runtime-core/dist/runtime-core").VNodeTypes'.
        Type 'ComponentOptions<any, any, any, ComputedOptions, MethodOptions, any, any, any>' is not assignable to type 'VNodeTypes'.
          Type 'ComponentOptionsBase<any, any, any, ComputedOptions, MethodOptions, any, any, any, string, {}, {}, string> & ThisType<...>' is missing the following properties from type 'VNode<RendererNode, RendererElement, { [key: string]: any; }>': type, props, key, ref, and 13 more.
src/plugins/ToolbarLinkBtnPlugin/index.ts(12,9): error TS2322: Type '() => import("/home/yinquan/workspace/smooth-vue-markdown-editor/packages/vuetify-plugins/node_modules/@vue/runtime-core/dist/runtime-core").VNode<import("/home/yinquan/workspace/smooth-vue-markdown-editor/packages/vuetify-plugins/node_modules/@vue/runtime-core/dist/runtime-core").RendererNode, import("/home/yinquan...' is not assignable to type '() => import("/home/yinquan/workspace/smooth-vue-markdown-editor/packages/vuetify/node_modules/@vue/runtime-core/dist/runtime-core").VNode<import("/home/yinquan/workspace/smooth-vue-markdown-editor/packages/vuetify/node_modules/@vue/runtime-core/dist/runtime-core").RendererNode, import("/home/yinquan/workspace/smoot...'.
  Type 'import("/home/yinquan/workspace/smooth-vue-markdown-editor/packages/vuetify-plugins/node_modules/@vue/runtime-core/dist/runtime-core").VNode<import("/home/yinquan/workspace/smooth-vue-markdown-editor/packages/vuetify-plugins/node_modules/@vue/runtime-core/dist/runtime-core").RendererNode, import("/home/yinquan/works...' is not assignable to type 'import("/home/yinquan/workspace/smooth-vue-markdown-editor/packages/vuetify/node_modules/@vue/runtime-core/dist/runtime-core").VNode<import("/home/yinquan/workspace/smooth-vue-markdown-editor/packages/vuetify/node_modules/@vue/runtime-core/dist/runtime-core").RendererNode, import("/home/yinquan/workspace/smooth-vue-...'.
src/plugins/ToolbarTableBtnPlugin/index.ts(12,9): error TS2322: Type '() => import("/home/yinquan/workspace/smooth-vue-markdown-editor/packages/vuetify-plugins/node_modules/@vue/runtime-core/dist/runtime-core").VNode<import("/home/yinquan/workspace/smooth-vue-markdown-editor/packages/vuetify-plugins/node_modules/@vue/runtime-core/dist/runtime-core").RendererNode, import("/home/yinquan...' is not assignable to type '() => import("/home/yinquan/workspace/smooth-vue-markdown-editor/packages/vuetify/node_modules/@vue/runtime-core/dist/runtime-core").VNode<import("/home/yinquan/workspace/smooth-vue-markdown-editor/packages/vuetify/node_modules/@vue/runtime-core/dist/runtime-core").RendererNode, import("/home/yinquan/workspace/smoot...'.
  Type 'import("/home/yinquan/workspace/smooth-vue-markdown-editor/packages/vuetify-plugins/node_modules/@vue/runtime-core/dist/runtime-core").VNode<import("/home/yinquan/workspace/smooth-vue-markdown-editor/packages/vuetify-plugins/node_modules/@vue/runtime-core/dist/runtime-core").RendererNode, import("/home/yinquan/works...' is not assignable to type 'import("/home/yinquan/workspace/smooth-vue-markdown-editor/packages/vuetify/node_modules/@vue/runtime-core/dist/runtime-core").VNode<import("/home/yinquan/workspace/smooth-vue-markdown-editor/packages/vuetify/node_modules/@vue/runtime-core/dist/runtime-core").RendererNode, import("/home/yinquan/workspace/smooth-vue-...'.
../vuetify/node_modules/@vue/runtime-core/dist/runtime-core.d.ts(1753,9): error TS2451: Cannot redeclare block-scoped variable 'defineProps'.
../vuetify/node_modules/@vue/runtime-core/dist/runtime-core.d.ts(1754,9): error TS2451: Cannot redeclare block-scoped variable 'defineEmits'.
../vuetify/node_modules/@vue/runtime-core/dist/runtime-core.d.ts(1755,9): error TS2451: Cannot redeclare block-scoped variable 'defineExpose'.
../vuetify/node_modules/@vue/runtime-core/dist/runtime-core.d.ts(1759,9): error TS2451: Cannot redeclare block-scoped variable 'withDefaults'.
